Copyright 1986-2018 Xilinx, Inc. All Rights Reserved.
-------------------------------------------------------------------------------------------------------------------
| Tool Version : Vivado v.2018.2 (lin64) Build 2258646 Thu Jun 14 20:02:38 MDT 2018
| Date         : Fri Feb 15 12:38:11 2019
| Host         : redbelly.sice.indiana.edu running 64-bit Red Hat Enterprise Linux Workstation release 7.6 (Maipo)
| Command      : report_control_sets -verbose -file top_control_sets_placed.rpt
| Design       : top
| Device       : xc7a35ti
-------------------------------------------------------------------------------------------------------------------

Control Set Information

Table of Contents
-----------------
1. Summary
2. Histogram
3. Flip-Flop Distribution
4. Detailed Control Set Information

1. Summary
----------

+----------------------------------------------------------+-------+
|                          Status                          | Count |
+----------------------------------------------------------+-------+
| Number of unique control sets                            |     3 |
| Unused register locations in slices containing registers |     6 |
+----------------------------------------------------------+-------+


2. Histogram
------------

+--------+--------------+
| Fanout | Control Sets |
+--------+--------------+
|      8 |            1 |
|    16+ |            2 |
+--------+--------------+


3. Flip-Flop Distribution
-------------------------

+--------------+-----------------------+------------------------+-----------------+--------------+
| Clock Enable | Synchronous Set/Reset | Asynchronous Set/Reset | Total Registers | Total Slices |
+--------------+-----------------------+------------------------+-----------------+--------------+
| No           | No                    | No                     |               8 |            3 |
| No           | No                    | Yes                    |               0 |            0 |
| No           | Yes                   | No                     |              50 |            8 |
| Yes          | No                    | No                     |               0 |            0 |
| Yes          | No                    | Yes                    |               0 |            0 |
| Yes          | Yes                   | No                     |              32 |            5 |
+--------------+-----------------------+------------------------+-----------------+--------------+


4. Detailed Control Set Information
-----------------------------------

+----------------------+--------------------------------------+--------------------------------------+------------------+----------------+
|     Clock Signal     |             Enable Signal            |           Set/Reset Signal           | Slice Load Count | Bel Load Count |
+----------------------+--------------------------------------+--------------------------------------+------------------+----------------+
|  CLK100MHZ_IBUF_BUFG |                                      |                                      |                3 |              8 |
|  CLK100MHZ_IBUF_BUFG | tog0/rel_tim0/savedValue[24]_i_1_n_0 | btnC_IBUF                            |                5 |             32 |
|  CLK100MHZ_IBUF_BUFG |                                      | tog0/rel_tim0/tim0/count[24]_i_1_n_0 |                8 |             50 |
+----------------------+--------------------------------------+--------------------------------------+------------------+----------------+


